2017-04-19T20:42:04.381Z - [32minfo[39m: [SERVER] Wiki.js is initializing...
2017-04-19T20:42:04.680Z - [32minfo[39m: [SERVER.Local] Checking data directories...
2017-04-19T20:42:04.682Z - [32minfo[39m: [SERVER.Local] Data and Repository directories are OK.
2017-04-19T20:42:05.325Z - [32minfo[39m: [SERVER.Git] Checking Git repository...
2017-04-19T20:42:07.574Z - [32minfo[39m: [SERVER] Starting HTTP/WS server on port 80...
2017-04-19T20:42:08.315Z - [32minfo[39m: [SERVER] Wiki.js is initializing...
2017-04-19T20:42:08.632Z - [32minfo[39m: [SERVER.Local] Checking data directories...
2017-04-19T20:42:08.634Z - [32minfo[39m: [SERVER.Local] Data and Repository directories are OK.
2017-04-19T20:42:09.349Z - [32minfo[39m: [SERVER.Git] Checking Git repository...
2017-04-19T20:42:10.999Z - [32minfo[39m: [SERVER] Starting HTTP/WS server on port 80...
2017-04-19T20:42:11.634Z - [32minfo[39m: [SERVER] Wiki.js is initializing...
2017-04-19T20:42:11.985Z - [32minfo[39m: [SERVER.Local] Checking data directories...
2017-04-19T20:42:11.988Z - [32minfo[39m: [SERVER.Local] Data and Repository directories are OK.
2017-04-19T20:42:12.799Z - [32minfo[39m: [SERVER.Git] Checking Git repository...
2017-04-19T20:42:14.573Z - [32minfo[39m: [SERVER] Starting HTTP/WS server on port 80...
2017-04-19T20:42:15.245Z - [32minfo[39m: [SERVER] Wiki.js is initializing...
2017-04-19T20:42:15.598Z - [32minfo[39m: [SERVER.Local] Checking data directories...
2017-04-19T20:42:15.600Z - [32minfo[39m: [SERVER.Local] Data and Repository directories are OK.
2017-04-19T20:42:16.175Z - [32minfo[39m: [SERVER.Git] Checking Git repository...
2017-04-19T20:42:17.804Z - [32minfo[39m: [SERVER] Starting HTTP/WS server on port 80...
2017-04-19T20:42:18.438Z - [32minfo[39m: [SERVER] Wiki.js is initializing...
2017-04-19T20:42:18.796Z - [32minfo[39m: [SERVER.Local] Checking data directories...
2017-04-19T20:42:18.801Z - [32minfo[39m: [SERVER.Local] Data and Repository directories are OK.
2017-04-19T20:42:19.441Z - [32minfo[39m: [SERVER.Git] Checking Git repository...
2017-04-19T20:42:21.053Z - [32minfo[39m: [SERVER] Starting HTTP/WS server on port 80...
